<?xml version="1.0" encoding="UTF-8"?>
<testsuite xmlns:xsi="http://www.w3.org/2001/XMLSchema-instance" xsi:noNamespaceSchemaLocation="https://maven.apache.org/surefire/maven-surefire-plugin/xsd/surefire-test-report.xsd" name="fr.ufrsciencestech.panier.model.PanierTest" time="0.039" tests="16" errors="16" skipped="0" failures="0">
  <properties>
    <property name="java.specification.version" value="17"/>
    <property name="sun.jnu.encoding" value="UTF-8"/>
    <property name="java.class.path" value="/home7/eg425368/Documents/M1/S1/GenieLogiciel/TP/TPGL_NB/TPGL/Panier/target/test-classes:/home7/eg425368/Documents/M1/S1/GenieLogiciel/TP/TPGL_NB/TPGL/Panier/target/classes:/home1/eg425368/.m2/repository/junit/junit/4.13.2/junit-4.13.2.jar:/home1/eg425368/.m2/repository/org/hamcrest/hamcrest-core/1.3/hamcrest-core-1.3.jar:/home1/eg425368/.m2/repository/org/mockito/mockito-all/1.10.19/mockito-all-1.10.19.jar:/home1/eg425368/.m2/repository/org/springframework/spring-context/5.1.9.RELEASE/spring-context-5.1.9.RELEASE.jar:/home1/eg425368/.m2/repository/org/springframework/spring-aop/5.1.9.RELEASE/spring-aop-5.1.9.RELEASE.jar:/home1/eg425368/.m2/repository/org/springframework/spring-beans/5.1.9.RELEASE/spring-beans-5.1.9.RELEASE.jar:/home1/eg425368/.m2/repository/org/springframework/spring-core/5.1.9.RELEASE/spring-core-5.1.9.RELEASE.jar:/home1/eg425368/.m2/repository/org/springframework/spring-jcl/5.1.9.RELEASE/spring-jcl-5.1.9.RELEASE.jar:/home1/eg425368/.m2/repository/org/springframework/spring-expression/5.1.9.RELEASE/spring-expression-5.1.9.RELEASE.jar:"/>
    <property name="java.vm.vendor" value="Debian"/>
    <property name="sun.arch.data.model" value="64"/>
    <property name="java.vendor.url" value="https://tracker.debian.org/openjdk-17"/>
    <property name="os.name" value="Linux"/>
    <property name="java.vm.specification.version" value="17"/>
    <property name="sun.java.launcher" value="SUN_STANDARD"/>
    <property name="user.country" value="FR"/>
    <property name="sun.boot.library.path" value="/usr/lib/jvm/java-17-openjdk-amd64/lib"/>
    <property name="sun.java.command" value="/home7/eg425368/Documents/M1/S1/GenieLogiciel/TP/TPGL_NB/TPGL/Panier/target/surefire/surefirebooter17839655096746634951.jar /home7/eg425368/Documents/M1/S1/GenieLogiciel/TP/TPGL_NB/TPGL/Panier/target/surefire 2023-09-28T17-29-22_751-jvmRun1 surefire14450631815104305341tmp surefire_04761233739787678930tmp"/>
    <property name="jdk.debug" value="release"/>
    <property name="test" value="fr.ufrsciencestech.panier.model.PanierTest"/>
    <property name="surefire.test.class.path" value="/home7/eg425368/Documents/M1/S1/GenieLogiciel/TP/TPGL_NB/TPGL/Panier/target/test-classes:/home7/eg425368/Documents/M1/S1/GenieLogiciel/TP/TPGL_NB/TPGL/Panier/target/classes:/home1/eg425368/.m2/repository/junit/junit/4.13.2/junit-4.13.2.jar:/home1/eg425368/.m2/repository/org/hamcrest/hamcrest-core/1.3/hamcrest-core-1.3.jar:/home1/eg425368/.m2/repository/org/mockito/mockito-all/1.10.19/mockito-all-1.10.19.jar:/home1/eg425368/.m2/repository/org/springframework/spring-context/5.1.9.RELEASE/spring-context-5.1.9.RELEASE.jar:/home1/eg425368/.m2/repository/org/springframework/spring-aop/5.1.9.RELEASE/spring-aop-5.1.9.RELEASE.jar:/home1/eg425368/.m2/repository/org/springframework/spring-beans/5.1.9.RELEASE/spring-beans-5.1.9.RELEASE.jar:/home1/eg425368/.m2/repository/org/springframework/spring-core/5.1.9.RELEASE/spring-core-5.1.9.RELEASE.jar:/home1/eg425368/.m2/repository/org/springframework/spring-jcl/5.1.9.RELEASE/spring-jcl-5.1.9.RELEASE.jar:/home1/eg425368/.m2/repository/org/springframework/spring-expression/5.1.9.RELEASE/spring-expression-5.1.9.RELEASE.jar:"/>
    <property name="sun.cpu.endian" value="little"/>
    <property name="user.home" value="/home1/eg425368"/>
    <property name="user.language" value="fr"/>
    <property name="java.specification.vendor" value="Oracle Corporation"/>
    <property name="java.version.date" value="2023-07-18"/>
    <property name="java.home" value="/usr/lib/jvm/java-17-openjdk-amd64"/>
    <property name="file.separator" value="/"/>
    <property name="basedir" value="/home7/eg425368/Documents/M1/S1/GenieLogiciel/TP/TPGL_NB/TPGL/Panier"/>
    <property name="java.vm.compressedOopsMode" value="Zero based"/>
    <property name="line.separator" value="&#10;"/>
    <property name="java.vm.specification.vendor" value="Oracle Corporation"/>
    <property name="java.specification.name" value="Java Platform API Specification"/>
    <property name="surefire.real.class.path" value="/home7/eg425368/Documents/M1/S1/GenieLogiciel/TP/TPGL_NB/TPGL/Panier/target/surefire/surefirebooter17839655096746634951.jar"/>
    <property name="sun.management.compiler" value="HotSpot 64-Bit Tiered Compilers"/>
    <property name="java.runtime.version" value="17.0.8+7-Debian-1deb12u1"/>
    <property name="user.name" value="eg425368"/>
    <property name="path.separator" value=":"/>
    <property name="os.version" value="6.1.0-12-amd64"/>
    <property name="java.runtime.name" value="OpenJDK Runtime Environment"/>
    <property name="file.encoding" value="UTF-8"/>
    <property name="java.vm.name" value="OpenJDK 64-Bit Server VM"/>
    <property name="maven.ext.class.path" value="/usr/gide/netbeans-14/java/maven-nblib/netbeans-eventspy.jar"/>
    <property name="localRepository" value="/home1/eg425368/.m2/repository"/>
    <property name="java.vendor.url.bug" value="https://bugs.debian.org/openjdk-17"/>
    <property name="java.io.tmpdir" value="/tmp"/>
    <property name="java.version" value="17.0.8"/>
    <property name="user.dir" value="/home7/eg425368/Documents/M1/S1/GenieLogiciel/TP/TPGL_NB/TPGL/Panier"/>
    <property name="os.arch" value="amd64"/>
    <property name="java.vm.specification.name" value="Java Virtual Machine Specification"/>
    <property name="native.encoding" value="UTF-8"/>
    <property name="java.library.path" value="/usr/java/packages/lib:/usr/lib/x86_64-linux-gnu/jni:/lib/x86_64-linux-gnu:/usr/lib/x86_64-linux-gnu:/usr/lib/jni:/lib:/usr/lib"/>
    <property name="java.vm.info" value="mixed mode, sharing"/>
    <property name="java.vendor" value="Debian"/>
    <property name="java.vm.version" value="17.0.8+7-Debian-1deb12u1"/>
    <property name="sun.io.unicode.encoding" value="UnicodeLittle"/>
    <property name="java.class.version" value="61.0"/>
  </properties>
  <testcase name="testBoycotteOrigine" classname="fr.ufrsciencestech.panier.model.PanierTest" time="0.006">
    <error message="Cannot invoke &quot;fr.ufrsciencestech.panier.model.Panier.boycotteOrigine(String)&quot; because &quot;instance&quot; is null" type="java.lang.NullPointerException">java.lang.NullPointerException: Cannot invoke "fr.ufrsciencestech.panier.model.Panier.boycotteOrigine(String)" because "instance" is null
	at fr.ufrsciencestech.panier.model.PanierTest.testBoycotteOrigine(PanierTest.java:226)
</error>
    <system-out><![CDATA[boycotteOrigine
]]></system-out>
  </testcase>
  <testcase name="testEstVide" classname="fr.ufrsciencestech.panier.model.PanierTest" time="0.001">
    <error message="Cannot invoke &quot;fr.ufrsciencestech.panier.model.Panier.estVide()&quot; because &quot;instance&quot; is null" type="java.lang.NullPointerException">java.lang.NullPointerException: Cannot invoke "fr.ufrsciencestech.panier.model.Panier.estVide()" because "instance" is null
	at fr.ufrsciencestech.panier.model.PanierTest.testEstVide(PanierTest.java:184)
</error>
    <system-out><![CDATA[estVide
]]></system-out>
  </testcase>
  <testcase name="testGetFruit" classname="fr.ufrsciencestech.panier.model.PanierTest" time="0">
    <error message="Cannot invoke &quot;fr.ufrsciencestech.panier.model.Panier.getFruit(int)&quot; because &quot;instance&quot; is null" type="java.lang.NullPointerException">java.lang.NullPointerException: Cannot invoke "fr.ufrsciencestech.panier.model.Panier.getFruit(int)" because "instance" is null
	at fr.ufrsciencestech.panier.model.PanierTest.testGetFruit(PanierTest.java:119)
</error>
    <system-out><![CDATA[getFruit
]]></system-out>
  </testcase>
  <testcase name="testGetContenanceMax" classname="fr.ufrsciencestech.panier.model.PanierTest" time="0.001">
    <error message="Cannot invoke &quot;fr.ufrsciencestech.panier.model.Panier.getContenanceMax()&quot; because &quot;instance&quot; is null" type="java.lang.NullPointerException">java.lang.NullPointerException: Cannot invoke "fr.ufrsciencestech.panier.model.Panier.getContenanceMax()" because "instance" is null
	at fr.ufrsciencestech.panier.model.PanierTest.testGetContenanceMax(PanierTest.java:104)
</error>
    <system-out><![CDATA[getContenanceMax
]]></system-out>
  </testcase>
  <testcase name="testAddObserver" classname="fr.ufrsciencestech.panier.model.PanierTest" time="0">
    <error message="Cannot invoke &quot;fr.ufrsciencestech.panier.model.Panier.addObserver(java.beans.PropertyChangeListener)&quot; because &quot;instance&quot; is null" type="java.lang.NullPointerException">java.lang.NullPointerException: Cannot invoke "fr.ufrsciencestech.panier.model.Panier.addObserver(java.beans.PropertyChangeListener)" because "instance" is null
	at fr.ufrsciencestech.panier.model.PanierTest.testAddObserver(PanierTest.java:254)
</error>
    <system-out><![CDATA[addObserver
]]></system-out>
  </testcase>
  <testcase name="testEstPlein" classname="fr.ufrsciencestech.panier.model.PanierTest" time="0">
    <error message="Cannot invoke &quot;fr.ufrsciencestech.panier.model.Panier.estPlein()&quot; because &quot;instance&quot; is null" type="java.lang.NullPointerException">java.lang.NullPointerException: Cannot invoke "fr.ufrsciencestech.panier.model.Panier.estPlein()" because "instance" is null
	at fr.ufrsciencestech.panier.model.PanierTest.testEstPlein(PanierTest.java:198)
</error>
    <system-out><![CDATA[estPlein
]]></system-out>
  </testcase>
  <testcase name="testToString" classname="fr.ufrsciencestech.panier.model.PanierTest" time="0.001">
    <error message="Cannot invoke &quot;fr.ufrsciencestech.panier.model.Panier.toString()&quot; because &quot;instance&quot; is null" type="java.lang.NullPointerException">java.lang.NullPointerException: Cannot invoke "fr.ufrsciencestech.panier.model.Panier.toString()" because "instance" is null
	at fr.ufrsciencestech.panier.model.PanierTest.testToString(PanierTest.java:49)
</error>
    <system-out><![CDATA[toString
]]></system-out>
  </testcase>
  <testcase name="testAjout_0args" classname="fr.ufrsciencestech.panier.model.PanierTest" time="0">
    <error message="Cannot invoke &quot;fr.ufrsciencestech.panier.model.Panier.ajout()&quot; because &quot;instance&quot; is null" type="java.lang.NullPointerException">java.lang.NullPointerException: Cannot invoke "fr.ufrsciencestech.panier.model.Panier.ajout()" because "instance" is null
	at fr.ufrsciencestech.panier.model.PanierTest.testAjout_0args(PanierTest.java:145)
</error>
    <system-out><![CDATA[ajout
]]></system-out>
  </testcase>
  <testcase name="testAjout_Fruit" classname="fr.ufrsciencestech.panier.model.PanierTest" time="0.001">
    <error message="Cannot invoke &quot;fr.ufrsciencestech.panier.model.Panier.ajout(fr.ufrsciencestech.panier.model.Fruit)&quot; because &quot;instance&quot; is null" type="java.lang.NullPointerException">java.lang.NullPointerException: Cannot invoke "fr.ufrsciencestech.panier.model.Panier.ajout(fr.ufrsciencestech.panier.model.Fruit)" because "instance" is null
	at fr.ufrsciencestech.panier.model.PanierTest.testAjout_Fruit(PanierTest.java:133)
</error>
    <system-out><![CDATA[ajout
]]></system-out>
  </testcase>
  <testcase name="testGetPrix" classname="fr.ufrsciencestech.panier.model.PanierTest" time="0">
    <error message="Cannot invoke &quot;fr.ufrsciencestech.panier.model.Panier.getPrix()&quot; because &quot;instance&quot; is null" type="java.lang.NullPointerException">java.lang.NullPointerException: Cannot invoke "fr.ufrsciencestech.panier.model.Panier.getPrix()" because "instance" is null
	at fr.ufrsciencestech.panier.model.PanierTest.testGetPrix(PanierTest.java:212)
</error>
    <system-out><![CDATA[getPrix
]]></system-out>
  </testcase>
  <testcase name="testRetrait" classname="fr.ufrsciencestech.panier.model.PanierTest" time="0.001">
    <error message="Cannot invoke &quot;fr.ufrsciencestech.panier.model.Panier.retrait()&quot; because &quot;instance&quot; is null" type="java.lang.NullPointerException">java.lang.NullPointerException: Cannot invoke "fr.ufrsciencestech.panier.model.Panier.retrait()" because "instance" is null
	at fr.ufrsciencestech.panier.model.PanierTest.testRetrait(PanierTest.java:157)
</error>
    <system-out><![CDATA[retrait
]]></system-out>
  </testcase>
  <testcase name="testSetFruits" classname="fr.ufrsciencestech.panier.model.PanierTest" time="0">
    <error message="Cannot invoke &quot;fr.ufrsciencestech.panier.model.Panier.setFruits(java.util.ArrayList)&quot; because &quot;instance&quot; is null" type="java.lang.NullPointerException">java.lang.NullPointerException: Cannot invoke "fr.ufrsciencestech.panier.model.Panier.setFruits(java.util.ArrayList)" because "instance" is null
	at fr.ufrsciencestech.panier.model.PanierTest.testSetFruits(PanierTest.java:77)
</error>
    <system-out><![CDATA[setFruits
]]></system-out>
  </testcase>
  <testcase name="testGetTaillePanier" classname="fr.ufrsciencestech.panier.model.PanierTest" time="0">
    <error message="Cannot invoke &quot;fr.ufrsciencestech.panier.model.Panier.getTaillePanier()&quot; because &quot;instance&quot; is null" type="java.lang.NullPointerException">java.lang.NullPointerException: Cannot invoke "fr.ufrsciencestech.panier.model.Panier.getTaillePanier()" because "instance" is null
	at fr.ufrsciencestech.panier.model.PanierTest.testGetTaillePanier(PanierTest.java:90)
</error>
    <system-out><![CDATA[getTaillePanier
]]></system-out>
  </testcase>
  <testcase name="testGetFruits" classname="fr.ufrsciencestech.panier.model.PanierTest" time="0.001">
    <error message="Cannot invoke &quot;fr.ufrsciencestech.panier.model.Panier.getFruits()&quot; because &quot;instance&quot; is null" type="java.lang.NullPointerException">java.lang.NullPointerException: Cannot invoke "fr.ufrsciencestech.panier.model.Panier.getFruits()" because "instance" is null
	at fr.ufrsciencestech.panier.model.PanierTest.testGetFruits(PanierTest.java:63)
</error>
    <system-out><![CDATA[getFruits
]]></system-out>
  </testcase>
  <testcase name="testEquals" classname="fr.ufrsciencestech.panier.model.PanierTest" time="0">
    <error message="Cannot invoke &quot;fr.ufrsciencestech.panier.model.Panier.equals(Object)&quot; because &quot;instance&quot; is null" type="java.lang.NullPointerException">java.lang.NullPointerException: Cannot invoke "fr.ufrsciencestech.panier.model.Panier.equals(Object)" because "instance" is null
	at fr.ufrsciencestech.panier.model.PanierTest.testEquals(PanierTest.java:240)
</error>
    <system-out><![CDATA[equals
]]></system-out>
  </testcase>
  <testcase name="testSetFruit" classname="fr.ufrsciencestech.panier.model.PanierTest" time="0.001">
    <error message="Cannot invoke &quot;fr.ufrsciencestech.panier.model.Panier.setFruit(int, fr.ufrsciencestech.panier.model.Fruit)&quot; because &quot;instance&quot; is null" type="java.lang.NullPointerException">java.lang.NullPointerException: Cannot invoke "fr.ufrsciencestech.panier.model.Panier.setFruit(int, fr.ufrsciencestech.panier.model.Fruit)" because "instance" is null
	at fr.ufrsciencestech.panier.model.PanierTest.testSetFruit(PanierTest.java:171)
</error>
    <system-out><![CDATA[setFruit
]]></system-out>
  </testcase>
</testsuite>